<html>
<head>
<title>TestNG:  testNGAnnotationPractice</title>
<link href="../testng.css" rel="stylesheet" type="text/css" />
<link href="../my-testng.css" rel="stylesheet" type="text/css" />

<style type="text/css">
.log { display: none;} 
.stack-trace { display: none;} 
</style>
<script type="text/javascript">
<!--
function flip(e) {
  current = e.style.display;
  if (current == 'block') {
    e.style.display = 'none';
    return 0;
  }
  else {
    e.style.display = 'block';
    return 1;
  }
}

function toggleBox(szDivId, elem, msg1, msg2)
{
  var res = -1;  if (document.getElementById) {
    res = flip(document.getElementById(szDivId));
  }
  else if (document.all) {
    // this is the way old msie versions work
    res = flip(document.all[szDivId]);
  }
  if(elem) {
    if(res == 0) elem.innerHTML = msg1; else elem.innerHTML = msg2;
  }

}

function toggleAllBoxes() {
  if (document.getElementsByTagName) {
    d = document.getElementsByTagName('div');
    for (i = 0; i < d.length; i++) {
      if (d[i].className == 'log') {
        flip(d[i]);
      }
    }
  }
}

// -->
</script>

</head>
<body>
<h2 align='center'>testNGAnnotationPractice</h2><table border='1' align="center">
<tr>
<td>Tests passed/Failed/Skipped:</td><td>11/1/0</td>
</tr><tr>
<td>Started on:</td><td>Mon Jul 05 21:01:05 IST 2021</td>
</tr>
<tr><td>Total time:</td><td>10 seconds (10586 ms)</td>
</tr><tr>
<td>Included groups:</td><td>all SmokeTest RegressionTest </td>
</tr><tr>
<td>Excluded groups:</td><td>SanityTest </td>
</tr>
</table><p/>
<small><i>(Hover the method name to see the test class name)</i></small><p/>
<table width='100%' border='1' class='invocation-failed'>
<tr><td colspan='4' align='center'><b>FAILED TESTS</b></td></tr>
<tr><td><b>Test method</b></td>
<td width="30%"><b>Exception</b></td>
<td width="10%"><b>Time (seconds)</b></td>
<td><b>Instance</b></td>
</tr>
<tr>
<td title='com.practice.testng.Test2.test2()'><b>test2</b><br>Test class: com.practice.testng.Test2</td>
<td><div><pre>java.lang.AssertionError: expected [true] but found [false]
	at com.practice.testng.Test2.test2(Test2.java:12)
	at java.base/java.util.concurrent.ThreadPoolExecutor.runWorker(ThreadPoolExecutor.java:1128)
	at java.base/java.util.concurrent.ThreadPoolExecutor$Worker.run(ThreadPoolExecutor.java:628)
	at java.base/java.lang.Thread.run(Thread.java:830)
... Removed 16 stack frames</pre></div><a href='#' onClick='toggleBox("stack-trace994273380", this, "Click to show all stack frames", "Click to hide stack frames")'>Click to show all stack frames</a>
<div class='stack-trace' id='stack-trace994273380'><pre>java.lang.AssertionError: expected [true] but found [false]
	at org.testng.Assert.fail(Assert.java:97)
	at org.testng.Assert.failNotEquals(Assert.java:968)
	at org.testng.Assert.assertTrue(Assert.java:43)
	at org.testng.Assert.assertTrue(Assert.java:53)
	at com.practice.testng.Test2.test2(Test2.java:12)
	at java.base/jdk.internal.reflect.NativeMethodAccessorImpl.invoke0(Native Method)
	at java.base/jdk.internal.reflect.NativeMethodAccessorImpl.invoke(NativeMethodAccessorImpl.java:62)
	at java.base/jdk.internal.reflect.DelegatingMethodAccessorImpl.invoke(DelegatingMethodAccessorImpl.java:43)
	at java.base/java.lang.reflect.Method.invoke(Method.java:567)
	at org.testng.internal.MethodInvocationHelper.invokeMethod(MethodInvocationHelper.java:135)
	at org.testng.internal.TestInvoker.invokeMethod(TestInvoker.java:598)
	at org.testng.internal.TestInvoker.invokeTestMethod(TestInvoker.java:174)
	at org.testng.internal.MethodRunner.runInSequence(MethodRunner.java:46)
	at org.testng.internal.TestInvoker$MethodInvocationAgent.invoke(TestInvoker.java:821)
	at org.testng.internal.TestInvoker.invokeTestMethods(TestInvoker.java:147)
	at org.testng.internal.TestMethodWorker.invokeTestMethods(TestMethodWorker.java:146)
	at org.testng.internal.TestMethodWorker.run(TestMethodWorker.java:128)
	at java.base/java.util.concurrent.ThreadPoolExecutor.runWorker(ThreadPoolExecutor.java:1128)
	at java.base/java.util.concurrent.ThreadPoolExecutor$Worker.run(ThreadPoolExecutor.java:628)
	at java.base/java.lang.Thread.run(Thread.java:830)
</pre></div></td>
<td>0</td>
<td>com.practice.testng.Test2@2df32bf7</td></tr>
</table><p>
<table width='100%' border='1' class='invocation-passed'>
<tr><td colspan='4' align='center'><b>PASSED TESTS</b></td></tr>
<tr><td><b>Test method</b></td>
<td width="30%"><b>Exception</b></td>
<td width="10%"><b>Time (seconds)</b></td>
<td><b>Instance</b></td>
</tr>
<tr>
<td title='com.practice.testng.ParameterizedTestNGXML.getBrowser()'><b>getBrowser</b><br>Test class: com.practice.testng.ParameterizedTestNGXML<br>Parameters: chrome</td>
<td></td>
<td>0</td>
<td>com.practice.testng.ParameterizedTestNGXML@76b10754</td></tr>
<tr>
<td title='com.practice.testng.ParallelTest.getChorme()'><b>getChorme</b><br>Test class: com.practice.testng.ParallelTest</td>
<td></td>
<td>4</td>
<td>com.practice.testng.ParallelTest@2bea5ab4</td></tr>
<tr>
<td title='com.practice.testng.ParallelTest.getFirefox()'><b>getFirefox</b><br>Test class: com.practice.testng.ParallelTest</td>
<td></td>
<td>5</td>
<td>com.practice.testng.ParallelTest@2bea5ab4</td></tr>
<tr>
<td title='com.practice.testng.ModuleA.moduleATest1()'><b>moduleATest1</b><br>Test class: com.practice.testng.ModuleA</td>
<td></td>
<td>0</td>
<td>com.practice.testng.ModuleA@71d15f18</td></tr>
<tr>
<td title='com.practice.testng.ModuleB.moduleBTest3()'><b>moduleBTest3</b><br>Test class: com.practice.testng.ModuleB</td>
<td></td>
<td>0</td>
<td>com.practice.testng.ModuleB@17695df3</td></tr>
<tr>
<td title='com.practice.testng.Test1.test1()'><b>test1</b><br>Test class: com.practice.testng.Test1</td>
<td></td>
<td>0</td>
<td>com.practice.testng.Test1@3d8314f0</td></tr>
<tr>
<td title='com.practice.testng.DependsOnGroupsTestCase.testCase1()'><b>testCase1</b><br>Test class: com.practice.testng.DependsOnGroupsTestCase</td>
<td></td>
<td>0</td>
<td>com.practice.testng.DependsOnGroupsTestCase@de3a06f</td></tr>
<tr>
<td title='com.practice.testng.TestNGAnnotation.testCase2()'><b>testCase2</b><br>Test class: com.practice.testng.TestNGAnnotation</td>
<td></td>
<td>0</td>
<td>com.practice.testng.TestNGAnnotation@dbd940d</td></tr>
<tr>
<td title='com.practice.testng.DependsOnGroupsTestCase.testCase2()'><b>testCase2</b><br>Test class: com.practice.testng.DependsOnGroupsTestCase</td>
<td></td>
<td>0</td>
<td>com.practice.testng.DependsOnGroupsTestCase@de3a06f</td></tr>
<tr>
<td title='com.practice.testng.TestNGAnnotation.testCase3()'><b>testCase3</b><br>Test class: com.practice.testng.TestNGAnnotation</td>
<td></td>
<td>0</td>
<td>com.practice.testng.TestNGAnnotation@dbd940d</td></tr>
<tr>
<td title='com.practice.testng.TestNGException.testException()'><b>testException</b><br>Test class: com.practice.testng.TestNGException</td>
<td><div><pre>java.lang.ArithmeticException: / by zero
	at com.practice.testng.TestNGException.testException(TestNGException.java:11)
	at java.base/java.util.concurrent.ThreadPoolExecutor.runWorker(ThreadPoolExecutor.java:1128)
	at java.base/java.util.concurrent.ThreadPoolExecutor$Worker.run(ThreadPoolExecutor.java:628)
	at java.base/java.lang.Thread.run(Thread.java:830)
... Removed 12 stack frames</pre></div><a href='#' onClick='toggleBox("stack-trace553614266", this, "Click to show all stack frames", "Click to hide stack frames")'>Click to show all stack frames</a>
<div class='stack-trace' id='stack-trace553614266'><pre>java.lang.ArithmeticException: / by zero
	at com.practice.testng.TestNGException.testException(TestNGException.java:11)
	at java.base/jdk.internal.reflect.NativeMethodAccessorImpl.invoke0(Native Method)
	at java.base/jdk.internal.reflect.NativeMethodAccessorImpl.invoke(NativeMethodAccessorImpl.java:62)
	at java.base/jdk.internal.reflect.DelegatingMethodAccessorImpl.invoke(DelegatingMethodAccessorImpl.java:43)
	at java.base/java.lang.reflect.Method.invoke(Method.java:567)
	at org.testng.internal.MethodInvocationHelper.invokeMethod(MethodInvocationHelper.java:135)
	at org.testng.internal.TestInvoker.invokeMethod(TestInvoker.java:598)
	at org.testng.internal.TestInvoker.invokeTestMethod(TestInvoker.java:174)
	at org.testng.internal.MethodRunner.runInSequence(MethodRunner.java:46)
	at org.testng.internal.TestInvoker$MethodInvocationAgent.invoke(TestInvoker.java:821)
	at org.testng.internal.TestInvoker.invokeTestMethods(TestInvoker.java:147)
	at org.testng.internal.TestMethodWorker.invokeTestMethods(TestMethodWorker.java:146)
	at org.testng.internal.TestMethodWorker.run(TestMethodWorker.java:128)
	at java.base/java.util.concurrent.ThreadPoolExecutor.runWorker(ThreadPoolExecutor.java:1128)
	at java.base/java.util.concurrent.ThreadPoolExecutor$Worker.run(ThreadPoolExecutor.java:628)
	at java.base/java.lang.Thread.run(Thread.java:830)
</pre></div></td>
<td>0</td>
<td>com.practice.testng.TestNGException@6c9f5c0d</td></tr>
</table><p>
</body>
</html>